out. 22, 2025 7:17:06 PM liquibase.changelog
INFO: Reading resource: db/changelog/migrations/db.changelog-202408191938.sql
out. 22, 2025 7:17:06 PM liquibase.changelog
INFO: Reading resource: db/changelog/migrations/db.changelog-202408210954.sql
out. 22, 2025 7:17:06 PM liquibase.changelog
INFO: Reading resource: db/changelog/migrations/db.changelog-202408211004.sql
out. 22, 2025 7:17:06 PM liquibase.changelog
INFO: Reading resource: db/changelog/migrations/db.changelog-202408211005.sql
out. 22, 2025 7:17:06 PM liquibase.changelog
INFO: Reading resource: db/changelog/migrations/db.changelog-202408281807.sql
out. 22, 2025 7:17:08 PM liquibase.changelog
INFO: Reading from board.DATABASECHANGELOG
Database is up to date, no changesets to execute
out. 22, 2025 7:17:09 PM liquibase.changelog
INFO: Reading from board.DATABASECHANGELOG

UPDATE SUMMARY
Run:                          0
Previously run:               5
Filtered out:                 0
-------------------------------
Total change sets:            5

out. 22, 2025 7:17:09 PM liquibase.util
INFO: UPDATE SUMMARY
out. 22, 2025 7:17:09 PM liquibase.util
INFO: Run:                          0
out. 22, 2025 7:17:09 PM liquibase.util
INFO: Previously run:               5
out. 22, 2025 7:17:09 PM liquibase.util
INFO: Filtered out:                 0
out. 22, 2025 7:17:09 PM liquibase.util
INFO: -------------------------------
out. 22, 2025 7:17:09 PM liquibase.util
INFO: Total change sets:            5
out. 22, 2025 7:17:09 PM liquibase.util
INFO: Update summary generated
out. 22, 2025 7:17:09 PM liquibase.lockservice
INFO: Successfully released change log lock
out. 22, 2025 7:17:09 PM liquibase.command
INFO: Command execution complete
